2016-05-20 17:12:15,271 - [INFO] - from play in pool-4-thread-3 
Listening for HTTP on /0:0:0:0:0:0:0:0:9000

2016-05-20 17:12:58,359 - [INFO] - from application in play-akka.actor.default-dispatcher-2 
{}

2016-05-20 17:15:11,521 - [INFO] - from application in play-akka.actor.default-dispatcher-3 
{}

2016-05-20 17:16:24,065 - [INFO] - from application in play-akka.actor.default-dispatcher-2 
{}

2016-05-20 17:17:19,283 - [INFO] - from application in play-akka.actor.default-dispatcher-3 
{}

2016-05-20 17:17:19,793 - [INFO] - from application in play-akka.actor.default-dispatcher-3 
{}

2016-05-20 17:17:19,795 - [ERROR] - from application in play-akka.actor.default-dispatcher-3 
名前が未記入

2016-05-20 17:17:57,619 - [INFO] - from application in play-akka.actor.default-dispatcher-2 
{}

2016-05-20 17:19:16,017 - [INFO] - from application in play-akka.actor.default-dispatcher-3 
{}

2016-05-20 17:19:16,634 - [INFO] - from application in play-akka.actor.default-dispatcher-2 
{}

2016-05-20 17:19:16,635 - [DEBUG] - from application in play-akka.actor.default-dispatcher-3 
デバッグ

2016-05-20 17:21:28,311 - [INFO] - from application in play-akka.actor.default-dispatcher-2 
{}

2016-05-20 17:21:41,961 - [INFO] - from application in play-akka.actor.default-dispatcher-2 
{}

2016-05-20 17:21:59,112 - [INFO] - from application in play-akka.actor.default-dispatcher-2 
{}

2016-05-20 17:22:13,681 - [INFO] - from application in play-akka.actor.default-dispatcher-3 
{}

2016-05-20 17:22:14,211 - [INFO] - from application in play-akka.actor.default-dispatcher-5 
{}

2016-05-20 17:22:14,211 - [DEBUG] - from application in play-akka.actor.default-dispatcher-3 
デバッグ

2016-05-20 17:23:55,525 - [INFO] - from application in play-akka.actor.default-dispatcher-3 
{}

2016-05-20 17:24:46,831 - [INFO] - from application in play-akka.actor.default-dispatcher-3 
{}

2016-05-20 17:53:13,968 - [INFO] - from application in play-akka.actor.default-dispatcher-2 
{}

2016-05-20 17:53:14,665 - [INFO] - from application in play-akka.actor.default-dispatcher-3 
{}

2016-05-20 17:53:14,665 - [DEBUG] - from application in play-akka.actor.default-dispatcher-3 
デバッグ

2016-05-20 17:53:24,325 - [INFO] - from application in play-akka.actor.default-dispatcher-2 
{"Connection":["Keep-Alive"],"Accept":["*/*"],"Accept-Language":["en-us"],"Accept-Encoding":["gzip, deflate"],"User-Agent":["Mozilla/4.0 (compatible; MSIE 8.0; Windows NT 6.0)"],"Host":["localhost:3333"]}

2016-05-20 17:53:29,367 - [INFO] - from application in play-akka.actor.default-dispatcher-4 
{}

2016-05-20 17:53:29,437 - [INFO] - from application in play-akka.actor.default-dispatcher-9 
{}

2016-05-20 17:53:29,438 - [DEBUG] - from application in play-akka.actor.default-dispatcher-4 
デバッグ

2016-05-20 18:01:41,607 - [INFO] - from application in play-akka.actor.default-dispatcher-2 
{}

2016-05-20 18:01:41,894 - [INFO] - from application in play-akka.actor.default-dispatcher-2 
{}

2016-05-20 18:01:42,219 - [INFO] - from application in play-akka.actor.default-dispatcher-2 
{}

2016-05-20 18:01:42,219 - [DEBUG] - from application in play-akka.actor.default-dispatcher-8 
デバッグ

2016-05-20 18:03:01,374 - [INFO] - from application in play-akka.actor.default-dispatcher-4 
{}

2016-05-20 18:03:01,963 - [INFO] - from application in play-akka.actor.default-dispatcher-4 
{}

2016-05-20 18:03:01,988 - [INFO] - from application in play-akka.actor.default-dispatcher-2 
{}

2016-05-20 18:03:02,638 - [INFO] - from application in play-akka.actor.default-dispatcher-4 
{}

2016-05-20 18:03:02,639 - [DEBUG] - from application in play-akka.actor.default-dispatcher-4 
デバッグ

2016-05-20 18:04:39,919 - [INFO] - from application in play-akka.actor.default-dispatcher-4 
{}

2016-05-20 18:04:40,184 - [INFO] - from application in play-akka.actor.default-dispatcher-4 
{}

2016-05-20 18:04:40,206 - [INFO] - from application in play-akka.actor.default-dispatcher-8 
{}

2016-05-20 18:04:40,526 - [INFO] - from application in play-akka.actor.default-dispatcher-4 
{}

2016-05-20 18:04:40,526 - [DEBUG] - from application in play-akka.actor.default-dispatcher-8 
デバッグ

2016-05-20 18:05:00,516 - [INFO] - from application in play-akka.actor.default-dispatcher-3 
{}

2016-05-20 18:05:00,772 - [INFO] - from application in play-akka.actor.default-dispatcher-3 
{}

2016-05-20 18:05:00,796 - [INFO] - from application in play-akka.actor.default-dispatcher-7 
{}

2016-05-20 18:05:01,117 - [INFO] - from application in play-akka.actor.default-dispatcher-3 
{}

2016-05-20 18:05:01,118 - [DEBUG] - from application in play-akka.actor.default-dispatcher-7 
デバッグ

2016-05-20 18:05:42,922 - [INFO] - from application in play-akka.actor.default-dispatcher-2 
{}

2016-05-20 18:06:09,475 - [INFO] - from application in play-akka.actor.default-dispatcher-2 
{}

2016-05-20 18:07:47,188 - [INFO] - from application in play-akka.actor.default-dispatcher-3 
{}

2016-05-20 18:08:41,574 - [INFO] - from application in play-akka.actor.default-dispatcher-2 
{}

2016-05-20 18:08:59,143 - [INFO] - from application in play-akka.actor.default-dispatcher-2 
{}

2016-05-20 18:09:28,574 - [INFO] - from application in play-akka.actor.default-dispatcher-2 
{}

2016-05-20 18:09:29,202 - [INFO] - from application in play-akka.actor.default-dispatcher-2 
{}

2016-05-20 18:09:29,202 - [DEBUG] - from application in play-akka.actor.default-dispatcher-3 
デバッグ

2016-05-20 18:11:16,196 - [INFO] - from application in play-akka.actor.default-dispatcher-3 
{}

2016-05-20 18:12:12,728 - [INFO] - from application in play-akka.actor.default-dispatcher-2 
{}

2016-05-20 18:16:19,737 - [INFO] - from application in play-akka.actor.default-dispatcher-2 
{}

2016-05-20 18:22:29,951 - [INFO] - from application in play-akka.actor.default-dispatcher-3 
{}

2016-05-20 18:24:53,031 - [INFO] - from application in play-akka.actor.default-dispatcher-2 
{}

2016-05-20 18:24:53,529 - [INFO] - from application in play-akka.actor.default-dispatcher-6 
{}

2016-05-20 18:25:43,770 - [INFO] - from application in play-akka.actor.default-dispatcher-3 
{}

2016-05-20 18:25:44,293 - [INFO] - from application in play-akka.actor.default-dispatcher-8 
{}

