2016-05-18 15:52:29,589 - [INFO] - from play in pool-4-thread-2 
Listening for HTTP on /0:0:0:0:0:0:0:0:9000

2016-05-18 15:52:40,960 - [DEBUG] - from com.jolbox.bonecp.BoneCPDataSource in play-internal-execution-context-1 
JDBC URL = jdbc:h2:mem:play;DB_CLOSE_DELAY=-1, Username = null, partitions = 1, max (per partition) = 30, min (per partition) = 5, idle max age = 10 min, idle test period = 1 min, strategy = DEFAULT

2016-05-18 15:52:40,967 - [WARN] - from com.jolbox.bonecp.BoneCPConfig in play-internal-execution-context-1 
JDBC username was not set in config!

2016-05-18 15:52:40,968 - [WARN] - from com.jolbox.bonecp.BoneCPConfig in play-internal-execution-context-1 
JDBC password was not set in config!

2016-05-18 15:52:41,124 - [INFO] - from play in play-internal-execution-context-1 
database [default] connected at jdbc:h2:mem:play

2016-05-18 15:52:41,660 - [DEBUG] - from com.jolbox.bonecp.StatementHandle in play-internal-execution-context-1 
select id, hash, apply_script, revert_script, state, last_problem from play_evolutions where state like 'applying_%'

2016-05-18 15:52:41,673 - [DEBUG] - from com.jolbox.bonecp.StatementHandle in play-internal-execution-context-1 

              create table play_evolutions (
                  id int not null primary key, hash varchar(255) not null,
                  applied_at timestamp not null,
                  apply_script text,
                  revert_script text,
                  state varchar(255),
                  last_problem text
              )
          

2016-05-18 15:52:41,674 - [DEBUG] - from com.jolbox.bonecp.StatementHandle in play-internal-execution-context-1 

            select id, hash, apply_script, revert_script from play_evolutions order by id
        

2016-05-18 15:52:41,700 - [ERROR] - from application in New I/O worker #1 


! @705ie3n2e - Internal server error, for (GET) [/] ->

play.api.db.evolutions.InvalidDatabaseRevision: Database 'default' needs evolution![An SQL script need to be run on your database.]
	at play.api.db.evolutions.EvolutionsPlugin$$anonfun$onStart$1$$anonfun$apply$1.apply$mcV$sp(Evolutions.scala:486) ~[play-jdbc_2.10.jar:2.2.6]
	at play.api.db.evolutions.EvolutionsPlugin.withLock(Evolutions.scala:507) ~[play-jdbc_2.10.jar:2.2.6]
	at play.api.db.evolutions.EvolutionsPlugin$$anonfun$onStart$1.apply(Evolutions.scala:461) ~[play-jdbc_2.10.jar:2.2.6]
	at play.api.db.evolutions.EvolutionsPlugin$$anonfun$onStart$1.apply(Evolutions.scala:459) ~[play-jdbc_2.10.jar:2.2.6]
	at scala.collection.immutable.List.foreach(List.scala:318) ~[scala-library.jar:na]
	at play.api.db.evolutions.EvolutionsPlugin.onStart(Evolutions.scala:459) ~[play-jdbc_2.10.jar:2.2.6]
	at play.api.Play$$anonfun$start$1$$anonfun$apply$mcV$sp$1.apply(Play.scala:88) ~[play_2.10.jar:2.2.6]
	at play.api.Play$$anonfun$start$1$$anonfun$apply$mcV$sp$1.apply(Play.scala:88) ~[play_2.10.jar:2.2.6]
	at scala.collection.immutable.List.foreach(List.scala:318) ~[scala-library.jar:na]
	at play.api.Play$$anonfun$start$1.apply$mcV$sp(Play.scala:88) ~[play_2.10.jar:2.2.6]
	at play.api.Play$$anonfun$start$1.apply(Play.scala:88) ~[play_2.10.jar:2.2.6]
	at play.api.Play$$anonfun$start$1.apply(Play.scala:88) ~[play_2.10.jar:2.2.6]
	at play.utils.Threads$.withContextClassLoader(Threads.scala:18) ~[play_2.10.jar:2.2.6]
	at play.api.Play$.start(Play.scala:87) ~[play_2.10.jar:2.2.6]
	at play.core.ReloadableApplication$$anonfun$get$1$$anonfun$apply$1$$anonfun$1.apply(ApplicationProvider.scala:139) ~[play_2.10.jar:2.2.6]
	at play.core.ReloadableApplication$$anonfun$get$1$$anonfun$apply$1$$anonfun$1.apply(ApplicationProvider.scala:112) ~[play_2.10.jar:2.2.6]
	at scala.Option.map(Option.scala:145) ~[scala-library.jar:na]
	at play.core.ReloadableApplication$$anonfun$get$1$$anonfun$apply$1.apply(ApplicationProvider.scala:112) ~[play_2.10.jar:2.2.6]
	at play.core.ReloadableApplication$$anonfun$get$1$$anonfun$apply$1.apply(ApplicationProvider.scala:110) ~[play_2.10.jar:2.2.6]
	at scala.util.Success.flatMap(Try.scala:200) ~[scala-library.jar:na]
	at play.core.ReloadableApplication$$anonfun$get$1.apply(ApplicationProvider.scala:110) ~[play_2.10.jar:2.2.6]
	at play.core.ReloadableApplication$$anonfun$get$1.apply(ApplicationProvider.scala:102) ~[play_2.10.jar:2.2.6]
	at scala.concurrent.impl.Future$PromiseCompletingRunnable.liftedTree1$1(Future.scala:24) ~[scala-library.jar:na]
	at scala.concurrent.impl.Future$PromiseCompletingRunnable.run(Future.scala:24) ~[scala-library.jar:na]
	at scala.concurrent.forkjoin.ForkJoinTask$AdaptedRunnableAction.exec(ForkJoinTask.java:1361) ~[scala-library.jar:na]
	at scala.concurrent.forkjoin.ForkJoinTask.doExec(ForkJoinTask.java:260) ~[scala-library.jar:na]
	at scala.concurrent.forkjoin.ForkJoinPool$WorkQueue.runTask(ForkJoinPool.java:1339) ~[scala-library.jar:na]
	at scala.concurrent.forkjoin.ForkJoinPool.runWorker(ForkJoinPool.java:1979) ~[scala-library.jar:na]
	at scala.concurrent.forkjoin.ForkJoinWorkerThread.run(ForkJoinWorkerThread.java:107) ~[scala-library.jar:na]

2016-05-18 15:52:43,683 - [DEBUG] - from com.jolbox.bonecp.StatementHandle in New I/O worker #1 
select id, hash, apply_script, revert_script, state, last_problem from play_evolutions where state like 'applying_%'

2016-05-18 15:52:43,686 - [DEBUG] - from com.jolbox.bonecp.StatementHandle in New I/O worker #1 

            select id, hash, apply_script, revert_script from play_evolutions order by id
        

2016-05-18 15:52:43,687 - [DEBUG] - from com.jolbox.bonecp.StatementHandle in New I/O worker #1 
select id, hash, apply_script, revert_script, state, last_problem from play_evolutions where state like 'applying_%'

2016-05-18 15:52:43,692 - [DEBUG] - from com.jolbox.bonecp.PreparedStatementHandle in New I/O worker #1 
insert into play_evolutions values(1, '2417213918d07c60885b13d3fc476dc95b59aaf9', 2016-05-18, 'create table check (
id                        bigint not null,
name                      varchar(255),
result                    varchar(255),
created                   timestamp,
modified                  timestamp,
constraint pk_check primary key (id))
;

create sequence check_seq;', 'SET REFERENTIAL_INTEGRITY FALSE;

drop table if exists check;

SET REFERENTIAL_INTEGRITY TRUE;

drop sequence if exists check_seq;', 'applying_up', '')

2016-05-18 15:52:43,697 - [DEBUG] - from com.jolbox.bonecp.StatementHandle in New I/O worker #1 
create table check (
id                        bigint not null,
name                      varchar(255),
result                    varchar(255),
created                   timestamp,
modified                  timestamp,
constraint pk_check primary key (id))

2016-05-18 15:52:43,698 - [DEBUG] - from com.jolbox.bonecp.StatementHandle in New I/O worker #1 
create sequence check_seq

2016-05-18 15:52:43,699 - [DEBUG] - from com.jolbox.bonecp.StatementHandle in New I/O worker #1 
update play_evolutions set state = 'applied' where id = 1

2016-05-18 15:52:43,701 - [DEBUG] - from com.jolbox.bonecp.StatementHandle in New I/O worker #1 
select id, hash, apply_script, revert_script, state, last_problem from play_evolutions where state like 'applying_%'

2016-05-18 15:52:44,027 - [INFO] - from com.jolbox.bonecp.BoneCP in play-internal-execution-context-1 
Shutting down connection pool...

2016-05-18 15:52:44,028 - [DEBUG] - from com.jolbox.bonecp.PoolWatchThread in BoneCP-pool-watch-thread 
Terminating pool watch thread

2016-05-18 15:52:44,089 - [INFO] - from com.jolbox.bonecp.BoneCP in play-internal-execution-context-1 
Connection pool has been shutdown.

2016-05-18 15:52:44,089 - [DEBUG] - from com.jolbox.bonecp.BoneCPDataSource in play-internal-execution-context-1 
Connection pool has been shut down

2016-05-18 15:52:44,161 - [DEBUG] - from com.jolbox.bonecp.BoneCPDataSource in play-internal-execution-context-1 
JDBC URL = jdbc:h2:mem:play;DB_CLOSE_DELAY=-1, Username = null, partitions = 1, max (per partition) = 30, min (per partition) = 5, idle max age = 10 min, idle test period = 1 min, strategy = DEFAULT

2016-05-18 15:52:44,162 - [WARN] - from com.jolbox.bonecp.BoneCPConfig in play-internal-execution-context-1 
JDBC username was not set in config!

2016-05-18 15:52:44,162 - [WARN] - from com.jolbox.bonecp.BoneCPConfig in play-internal-execution-context-1 
JDBC password was not set in config!

2016-05-18 15:52:44,164 - [INFO] - from play in play-internal-execution-context-1 
database [default] connected at jdbc:h2:mem:play

2016-05-18 15:52:44,208 - [DEBUG] - from com.jolbox.bonecp.StatementHandle in play-internal-execution-context-1 
select id, hash, apply_script, revert_script, state, last_problem from play_evolutions where state like 'applying_%'

2016-05-18 15:52:44,210 - [DEBUG] - from com.jolbox.bonecp.StatementHandle in play-internal-execution-context-1 

            select id, hash, apply_script, revert_script from play_evolutions order by id
        

2016-05-18 15:52:44,495 - [INFO] - from play in play-internal-execution-context-1 
Application started (Dev)

2016-05-18 15:52:44,627 - [INFO] - from application in play-akka.actor.default-dispatcher-4 
{"Referer":["http://localhost:9000/"],"Connection":["keep-alive"],"Accept":["text/html,application/xhtml+xml,application/xml;q=0.9,*/*;q=0.8"],"Accept-Language":["ja-jp"],"Accept-Encoding":["gzip, deflate"],"User-Agent":["Mozilla/5.0 (Macintosh; Intel Mac OS X 10_11_4) AppleWebKit/601.5.17 (KHTML, like Gecko) Version/9.1 Safari/601.5.17"],"Host":["localhost:9000"]}

2016-05-18 16:02:24,149 - [INFO] - from com.jolbox.bonecp.BoneCP in play-internal-execution-context-1 
Shutting down connection pool...

2016-05-18 16:02:24,152 - [DEBUG] - from com.jolbox.bonecp.PoolWatchThread in BoneCP-pool-watch-thread 
Terminating pool watch thread

2016-05-18 16:02:24,154 - [INFO] - from com.jolbox.bonecp.BoneCP in play-internal-execution-context-1 
Connection pool has been shutdown.

2016-05-18 16:02:24,154 - [DEBUG] - from com.jolbox.bonecp.BoneCPDataSource in play-internal-execution-context-1 
Connection pool has been shut down

2016-05-18 16:02:24,501 - [DEBUG] - from com.jolbox.bonecp.BoneCPDataSource in play-internal-execution-context-1 
JDBC URL = jdbc:h2:mem:play;DB_CLOSE_DELAY=-1, Username = null, partitions = 1, max (per partition) = 30, min (per partition) = 5, idle max age = 10 min, idle test period = 1 min, strategy = DEFAULT

2016-05-18 16:02:24,502 - [WARN] - from com.jolbox.bonecp.BoneCPConfig in play-internal-execution-context-1 
JDBC username was not set in config!

2016-05-18 16:02:24,502 - [WARN] - from com.jolbox.bonecp.BoneCPConfig in play-internal-execution-context-1 
JDBC password was not set in config!

2016-05-18 16:02:24,504 - [INFO] - from play in play-internal-execution-context-1 
database [default] connected at jdbc:h2:mem:play

2016-05-18 16:02:24,632 - [DEBUG] - from com.jolbox.bonecp.StatementHandle in play-internal-execution-context-1 
select id, hash, apply_script, revert_script, state, last_problem from play_evolutions where state like 'applying_%'

2016-05-18 16:02:24,633 - [DEBUG] - from com.jolbox.bonecp.StatementHandle in play-internal-execution-context-1 

            select id, hash, apply_script, revert_script from play_evolutions order by id
        

2016-05-18 16:02:24,645 - [INFO] - from play in play-internal-execution-context-1 
Application started (Dev)

2016-05-18 16:02:24,694 - [INFO] - from application in play-akka.actor.default-dispatcher-6 
{"Connection":["keep-alive"],"Accept":["text/html,application/xhtml+xml,application/xml;q=0.9,*/*;q=0.8"],"Accept-Language":["ja-jp"],"Accept-Encoding":["gzip, deflate"],"User-Agent":["Mozilla/5.0 (Macintosh; Intel Mac OS X 10_11_4) AppleWebKit/601.5.17 (KHTML, like Gecko) Version/9.1 Safari/601.5.17"],"Host":["localhost:9000"]}

2016-05-18 16:02:35,027 - [INFO] - from application in play-akka.actor.default-dispatcher-12 
{"Referer":["http://localhost:9000/"],"Connection":["keep-alive"],"Accept":["text/html,application/xhtml+xml,application/xml;q=0.9,*/*;q=0.8"],"Accept-Language":["ja-jp"],"Accept-Encoding":["gzip, deflate"],"User-Agent":["Mozilla/5.0 (Macintosh; Intel Mac OS X 10_11_4) AppleWebKit/601.5.17 (KHTML, like Gecko) Version/9.1 Safari/601.5.17"],"Host":["localhost:9000"]}

2016-05-18 16:02:35,061 - [DEBUG] - from com.jolbox.bonecp.PreparedStatementHandle in play-akka.actor.default-dispatcher-10 
select check_seq.nextval union select check_seq.nextval union select check_seq.nextval union select check_seq.nextval union select check_seq.nextval union select check_seq.nextval union select check_seq.nextval union select check_seq.nextval union select check_seq.nextval union select check_seq.nextval union select check_seq.nextval union select check_seq.nextval union select check_seq.nextval union select check_seq.nextval union select check_seq.nextval union select check_seq.nextval union select check_seq.nextval union select check_seq.nextval union select check_seq.nextval union select check_seq.nextval

2016-05-18 16:02:35,078 - [DEBUG] - from com.jolbox.bonecp.PreparedStatementHandle in play-akka.actor.default-dispatcher-10 
insert into check (id, name, result, created, modified) values (1,'oideyannsu','oideyannsuさんにオススメなPlay frameworkのバージョンは、Karaです。',2016-05-18 16:02:35.034,2016-05-18 16:02:35.034)

2016-05-18 16:02:36,678 - [INFO] - from application in play-akka.actor.default-dispatcher-6 
{"Referer":["http://localhost:9000/result?name=oideyannsu"],"Connection":["keep-alive"],"Accept":["text/html,application/xhtml+xml,application/xml;q=0.9,*/*;q=0.8"],"Accept-Language":["ja-jp"],"Accept-Encoding":["gzip, deflate"],"User-Agent":["Mozilla/5.0 (Macintosh; Intel Mac OS X 10_11_4) AppleWebKit/601.5.17 (KHTML, like Gecko) Version/9.1 Safari/601.5.17"],"Host":["localhost:9000"]}

2016-05-18 16:02:37,272 - [INFO] - from application in play-akka.actor.default-dispatcher-14 
{"Referer":["http://localhost:9000/"],"Connection":["keep-alive"],"Accept":["text/html,application/xhtml+xml,application/xml;q=0.9,*/*;q=0.8"],"Accept-Language":["ja-jp"],"Accept-Encoding":["gzip, deflate"],"User-Agent":["Mozilla/5.0 (Macintosh; Intel Mac OS X 10_11_4) AppleWebKit/601.5.17 (KHTML, like Gecko) Version/9.1 Safari/601.5.17"],"Host":["localhost:9000"]}

2016-05-18 16:02:37,319 - [DEBUG] - from com.jolbox.bonecp.PreparedStatementHandle in Ebean-default.0 
select t0.id c0, t0.name c1, t0.result c2, t0.created c3, t0.modified c4 from check t0 order by t0.created 
limit 6

2016-05-18 16:02:37,326 - [DEBUG] - from com.jolbox.bonecp.PreparedStatementHandle in Ebean-default.0 
select count(*) from check t0

2016-05-18 16:02:37,327 - [DEBUG] - from com.jolbox.bonecp.PreparedStatementHandle in Ebean-default.0 
select count(*) from check t0

2016-05-18 16:02:43,708 - [INFO] - from application in play-akka.actor.default-dispatcher-14 
{"Referer":["http://localhost:9000/recent/1"],"Connection":["keep-alive"],"Accept":["text/html,application/xhtml+xml,application/xml;q=0.9,*/*;q=0.8"],"Accept-Language":["ja-jp"],"Accept-Encoding":["gzip, deflate"],"User-Agent":["Mozilla/5.0 (Macintosh; Intel Mac OS X 10_11_4) AppleWebKit/601.5.17 (KHTML, like Gecko) Version/9.1 Safari/601.5.17"],"Host":["localhost:9000"]}

2016-05-18 16:02:43,708 - [DEBUG] - from application in play-akka.actor.default-dispatcher-10 
デバッグ

2016-05-18 16:02:43,710 - [DEBUG] - from com.jolbox.bonecp.PreparedStatementHandle in play-akka.actor.default-dispatcher-10 
select t0.id c0, t0.name c1, t0.result c2, t0.created c3, t0.modified c4 from check t0 where t0.id = 1  

2016-05-18 17:40:38,470 - [INFO] - from com.jolbox.bonecp.BoneCP in play-internal-execution-context-1 
Shutting down connection pool...

2016-05-18 17:40:38,492 - [DEBUG] - from com.jolbox.bonecp.PoolWatchThread in BoneCP-pool-watch-thread 
Terminating pool watch thread

2016-05-18 17:40:38,495 - [INFO] - from com.jolbox.bonecp.BoneCP in play-internal-execution-context-1 
Connection pool has been shutdown.

2016-05-18 17:40:38,495 - [DEBUG] - from com.jolbox.bonecp.BoneCPDataSource in play-internal-execution-context-1 
Connection pool has been shut down

2016-05-18 17:40:38,861 - [DEBUG] - from com.jolbox.bonecp.BoneCPDataSource in play-internal-execution-context-1 
JDBC URL = jdbc:h2:mem:play;DB_CLOSE_DELAY=-1, Username = null, partitions = 1, max (per partition) = 30, min (per partition) = 5, idle max age = 10 min, idle test period = 1 min, strategy = DEFAULT

2016-05-18 17:40:38,862 - [WARN] - from com.jolbox.bonecp.BoneCPConfig in play-internal-execution-context-1 
JDBC username was not set in config!

2016-05-18 17:40:38,862 - [WARN] - from com.jolbox.bonecp.BoneCPConfig in play-internal-execution-context-1 
JDBC password was not set in config!

2016-05-18 17:40:38,866 - [INFO] - from play in play-internal-execution-context-1 
database [default] connected at jdbc:h2:mem:play

2016-05-18 17:40:38,988 - [DEBUG] - from com.jolbox.bonecp.StatementHandle in play-internal-execution-context-1 
select id, hash, apply_script, revert_script, state, last_problem from play_evolutions where state like 'applying_%'

2016-05-18 17:40:38,989 - [DEBUG] - from com.jolbox.bonecp.StatementHandle in play-internal-execution-context-1 

            select id, hash, apply_script, revert_script from play_evolutions order by id
        

2016-05-18 17:40:39,002 - [INFO] - from play in play-internal-execution-context-1 
Application started (Dev)

2016-05-18 17:40:39,058 - [INFO] - from application in play-akka.actor.default-dispatcher-12 
{"Referer":["http://localhost:9000/resultId/1"],"Connection":["keep-alive"],"Accept":["text/html,application/xhtml+xml,application/xml;q=0.9,*/*;q=0.8"],"Accept-Language":["ja-jp"],"Accept-Encoding":["gzip, deflate"],"User-Agent":["Mozilla/5.0 (Macintosh; Intel Mac OS X 10_11_4) AppleWebKit/601.5.17 (KHTML, like Gecko) Version/9.1 Safari/601.5.17"],"Host":["localhost:9000"]}

2016-05-18 17:40:49,959 - [INFO] - from application in play-akka.actor.default-dispatcher-15 
{"Referer":["http://localhost:9000/"],"Connection":["keep-alive"],"Accept":["text/html,application/xhtml+xml,application/xml;q=0.9,*/*;q=0.8"],"Accept-Language":["ja-jp"],"Accept-Encoding":["gzip, deflate"],"User-Agent":["Mozilla/5.0 (Macintosh; Intel Mac OS X 10_11_4) AppleWebKit/601.5.17 (KHTML, like Gecko) Version/9.1 Safari/601.5.17"],"Host":["localhost:9000"]}

2016-05-18 17:40:49,964 - [DEBUG] - from com.jolbox.bonecp.PreparedStatementHandle in play-akka.actor.default-dispatcher-15 
select check_seq.nextval union select check_seq.nextval union select check_seq.nextval union select check_seq.nextval union select check_seq.nextval union select check_seq.nextval union select check_seq.nextval union select check_seq.nextval union select check_seq.nextval union select check_seq.nextval union select check_seq.nextval union select check_seq.nextval union select check_seq.nextval union select check_seq.nextval union select check_seq.nextval union select check_seq.nextval union select check_seq.nextval union select check_seq.nextval union select check_seq.nextval union select check_seq.nextval

2016-05-18 17:40:49,968 - [DEBUG] - from com.jolbox.bonecp.PreparedStatementHandle in play-akka.actor.default-dispatcher-15 
insert into check (id, name, result, created, modified) values (33,'wwwwww','wwwwwwさんにオススメなPlay frameworkのバージョンは、2.1.0 Javaです。',2016-05-18 17:40:49.961,2016-05-18 17:40:49.961)

2016-05-18 17:40:52,193 - [INFO] - from application in play-akka.actor.default-dispatcher-18 
{"Referer":["http://localhost:9000/result?name=wwwwww"],"Connection":["keep-alive"],"Accept":["text/html,application/xhtml+xml,application/xml;q=0.9,*/*;q=0.8"],"Accept-Language":["ja-jp"],"Accept-Encoding":["gzip, deflate"],"User-Agent":["Mozilla/5.0 (Macintosh; Intel Mac OS X 10_11_4) AppleWebKit/601.5.17 (KHTML, like Gecko) Version/9.1 Safari/601.5.17"],"Host":["localhost:9000"]}

2016-05-18 17:40:52,195 - [DEBUG] - from com.jolbox.bonecp.PreparedStatementHandle in Ebean-default.0 
select t0.id c0, t0.name c1, t0.result c2, t0.created c3, t0.modified c4 from check t0 order by t0.created 
limit 6

2016-05-18 17:40:52,197 - [DEBUG] - from com.jolbox.bonecp.PreparedStatementHandle in Ebean-default.0 
select count(*) from check t0

2016-05-18 17:40:52,198 - [DEBUG] - from com.jolbox.bonecp.PreparedStatementHandle in Ebean-default.0 
select count(*) from check t0

2016-05-18 17:48:49,449 - [INFO] - from com.jolbox.bonecp.BoneCP in pool-4-thread-2 
Shutting down connection pool...

2016-05-18 17:48:49,464 - [DEBUG] - from com.jolbox.bonecp.PoolWatchThread in BoneCP-pool-watch-thread 
Terminating pool watch thread

2016-05-18 17:48:49,467 - [INFO] - from com.jolbox.bonecp.BoneCP in pool-4-thread-2 
Connection pool has been shutdown.

2016-05-18 17:48:49,468 - [DEBUG] - from com.jolbox.bonecp.BoneCPDataSource in pool-4-thread-2 
Connection pool has been shut down

